<?xml version="1.0" encoding="UTF-8"?>
<testsuite xmlns:xsi="http://www.w3.org/2001/XMLSchema-instance" xsi:noNamespaceSchemaLocation="https://maven.apache.org/surefire/maven-surefire-plugin/xsd/surefire-test-report.xsd" name="io.carcheck.TestRunner" time="40.799" tests="1" errors="0" skipped="0" failures="0">
  <properties>
    <property name="gopherProxySet" value="false"/>
    <property name="awt.toolkit" value="sun.lwawt.macosx.LWCToolkit"/>
    <property name="java.specification.version" value="11"/>
    <property name="sun.cpu.isalist" value=""/>
    <property name="sun.jnu.encoding" value="UTF-8"/>
    <property name="java.class.path" value="/Users/hiren/Downloads/test/carcheck-testautomation/target/test-classes:/Users/hiren/Downloads/test/carcheck-testautomation/target/classes:/Users/hiren/.m2/repository/org/seleniumhq/selenium/selenium-java/4.26.0/selenium-java-4.26.0.jar:/Users/hiren/.m2/repository/org/seleniumhq/selenium/selenium-api/4.26.0/selenium-api-4.26.0.jar:/Users/hiren/.m2/repository/org/jspecify/jspecify/1.0.0/jspecify-1.0.0.jar:/Users/hiren/.m2/repository/org/seleniumhq/selenium/selenium-chrome-driver/4.26.0/selenium-chrome-driver-4.26.0.jar:/Users/hiren/.m2/repository/com/google/auto/service/auto-service-annotations/1.1.1/auto-service-annotations-1.1.1.jar:/Users/hiren/.m2/repository/org/seleniumhq/selenium/selenium-chromium-driver/4.26.0/selenium-chromium-driver-4.26.0.jar:/Users/hiren/.m2/repository/org/seleniumhq/selenium/selenium-json/4.26.0/selenium-json-4.26.0.jar:/Users/hiren/.m2/repository/org/seleniumhq/selenium/selenium-manager/4.26.0/selenium-manager-4.26.0.jar:/Users/hiren/.m2/repository/org/seleniumhq/selenium/selenium-devtools-v128/4.26.0/selenium-devtools-v128-4.26.0.jar:/Users/hiren/.m2/repository/org/seleniumhq/selenium/selenium-devtools-v129/4.26.0/selenium-devtools-v129-4.26.0.jar:/Users/hiren/.m2/repository/org/seleniumhq/selenium/selenium-devtools-v130/4.26.0/selenium-devtools-v130-4.26.0.jar:/Users/hiren/.m2/repository/org/seleniumhq/selenium/selenium-devtools-v85/4.26.0/selenium-devtools-v85-4.26.0.jar:/Users/hiren/.m2/repository/org/seleniumhq/selenium/selenium-edge-driver/4.26.0/selenium-edge-driver-4.26.0.jar:/Users/hiren/.m2/repository/org/seleniumhq/selenium/selenium-firefox-driver/4.26.0/selenium-firefox-driver-4.26.0.jar:/Users/hiren/.m2/repository/org/seleniumhq/selenium/selenium-http/4.26.0/selenium-http-4.26.0.jar:/Users/hiren/.m2/repository/dev/failsafe/failsafe/3.3.2/failsafe-3.3.2.jar:/Users/hiren/.m2/repository/org/seleniumhq/selenium/selenium-ie-driver/4.26.0/selenium-ie-driver-4.26.0.jar:/Users/hiren/.m2/repository/org/seleniumhq/selenium/selenium-remote-driver/4.26.0/selenium-remote-driver-4.26.0.jar:/Users/hiren/.m2/repository/com/google/guava/guava/33.3.1-jre/guava-33.3.1-jre.jar:/Users/hiren/.m2/repository/com/google/guava/failureaccess/1.0.2/failureaccess-1.0.2.jar:/Users/hiren/.m2/repository/com/google/guava/listenablefuture/9999.0-empty-to-avoid-conflict-with-guava/listenablefuture-9999.0-empty-to-avoid-conflict-with-guava.jar:/Users/hiren/.m2/repository/com/google/code/findbugs/jsr305/3.0.2/jsr305-3.0.2.jar:/Users/hiren/.m2/repository/org/checkerframework/checker-qual/3.43.0/checker-qual-3.43.0.jar:/Users/hiren/.m2/repository/com/google/errorprone/error_prone_annotations/2.28.0/error_prone_annotations-2.28.0.jar:/Users/hiren/.m2/repository/com/google/j2objc/j2objc-annotations/3.0.0/j2objc-annotations-3.0.0.jar:/Users/hiren/.m2/repository/io/opentelemetry/semconv/opentelemetry-semconv/1.25.0-alpha/opentelemetry-semconv-1.25.0-alpha.jar:/Users/hiren/.m2/repository/io/opentelemetry/opentelemetry-api/1.43.0/opentelemetry-api-1.43.0.jar:/Users/hiren/.m2/repository/io/opentelemetry/opentelemetry-context/1.43.0/opentelemetry-context-1.43.0.jar:/Users/hiren/.m2/repository/io/opentelemetry/opentelemetry-exporter-logging/1.43.0/opentelemetry-exporter-logging-1.43.0.jar:/Users/hiren/.m2/repository/io/opentelemetry/opentelemetry-sdk-common/1.43.0/opentelemetry-sdk-common-1.43.0.jar:/Users/hiren/.m2/repository/io/opentelemetry/opentelemetry-sdk-extension-autoconfigure-spi/1.43.0/opentelemetry-sdk-extension-autoconfigure-spi-1.43.0.jar:/Users/hiren/.m2/repository/io/opentelemetry/opentelemetry-sdk-extension-autoconfigure/1.43.0/opentelemetry-sdk-extension-autoconfigure-1.43.0.jar:/Users/hiren/.m2/repository/io/opentelemetry/opentelemetry-api-incubator/1.43.0-alpha/opentelemetry-api-incubator-1.43.0-alpha.jar:/Users/hiren/.m2/repository/io/opentelemetry/opentelemetry-sdk-trace/1.43.0/opentelemetry-sdk-trace-1.43.0.jar:/Users/hiren/.m2/repository/io/opentelemetry/opentelemetry-sdk/1.43.0/opentelemetry-sdk-1.43.0.jar:/Users/hiren/.m2/repository/io/opentelemetry/opentelemetry-sdk-metrics/1.43.0/opentelemetry-sdk-metrics-1.43.0.jar:/Users/hiren/.m2/repository/io/opentelemetry/opentelemetry-sdk-logs/1.43.0/opentelemetry-sdk-logs-1.43.0.jar:/Users/hiren/.m2/repository/net/bytebuddy/byte-buddy/1.15.7/byte-buddy-1.15.7.jar:/Users/hiren/.m2/repository/org/seleniumhq/selenium/selenium-os/4.26.0/selenium-os-4.26.0.jar:/Users/hiren/.m2/repository/org/apache/commons/commons-exec/1.4.0/commons-exec-1.4.0.jar:/Users/hiren/.m2/repository/org/seleniumhq/selenium/selenium-safari-driver/4.26.0/selenium-safari-driver-4.26.0.jar:/Users/hiren/.m2/repository/org/seleniumhq/selenium/selenium-support/4.26.0/selenium-support-4.26.0.jar:/Users/hiren/.m2/repository/io/cucumber/cucumber-java8/5.7.0/cucumber-java8-5.7.0.jar:/Users/hiren/.m2/repository/io/cucumber/cucumber-core/5.7.0/cucumber-core-5.7.0.jar:/Users/hiren/.m2/repository/io/cucumber/cucumber-gherkin/5.7.0/cucumber-gherkin-5.7.0.jar:/Users/hiren/.m2/repository/io/cucumber/cucumber-gherkin-vintage/5.7.0/cucumber-gherkin-vintage-5.7.0.jar:/Users/hiren/.m2/repository/io/cucumber/tag-expressions/2.0.4/tag-expressions-2.0.4.jar:/Users/hiren/.m2/repository/io/cucumber/cucumber-expressions/8.3.1/cucumber-expressions-8.3.1.jar:/Users/hiren/.m2/repository/io/cucumber/datatable/3.3.1/datatable-3.3.1.jar:/Users/hiren/.m2/repository/io/cucumber/cucumber-plugin/5.7.0/cucumber-plugin-5.7.0.jar:/Users/hiren/.m2/repository/io/cucumber/docstring/5.7.0/docstring-5.7.0.jar:/Users/hiren/.m2/repository/org/apiguardian/apiguardian-api/1.1.0/apiguardian-api-1.1.0.jar:/Users/hiren/.m2/repository/net/jodah/typetools/0.6.2/typetools-0.6.2.jar:/Users/hiren/.m2/repository/io/cucumber/cucumber-testng/5.7.0/cucumber-testng-5.7.0.jar:/Users/hiren/.m2/repository/org/testng/testng/7.1.0/testng-7.1.0.jar:/Users/hiren/.m2/repository/com/beust/jcommander/1.72/jcommander-1.72.jar:/Users/hiren/.m2/repository/com/google/inject/guice/4.1.0/guice-4.1.0-no_aop.jar:/Users/hiren/.m2/repository/javax/inject/javax.inject/1/javax.inject-1.jar:/Users/hiren/.m2/repository/aopalliance/aopalliance/1.0/aopalliance-1.0.jar:/Users/hiren/.m2/repository/org/yaml/snakeyaml/1.21/snakeyaml-1.21.jar:/Users/hiren/.m2/repository/io/cucumber/cucumber-spring/5.7.0/cucumber-spring-5.7.0.jar:/Users/hiren/.m2/repository/io/github/bonigarcia/webdrivermanager/3.8.1/webdrivermanager-3.8.1.jar:/Users/hiren/.m2/repository/org/slf4j/slf4j-api/1.7.25/slf4j-api-1.7.25.jar:/Users/hiren/.m2/repository/commons-io/commons-io/2.6/commons-io-2.6.jar:/Users/hiren/.m2/repository/com/google/code/gson/gson/2.8.5/gson-2.8.5.jar:/Users/hiren/.m2/repository/org/apache/commons/commons-lang3/3.8.1/commons-lang3-3.8.1.jar:/Users/hiren/.m2/repository/org/apache/httpcomponents/httpclient/4.5.6/httpclient-4.5.6.jar:/Users/hiren/.m2/repository/org/apache/httpcomponents/httpcore/4.4.10/httpcore-4.4.10.jar:/Users/hiren/.m2/repository/commons-logging/commons-logging/1.2/commons-logging-1.2.jar:/Users/hiren/.m2/repository/commons-codec/commons-codec/1.10/commons-codec-1.10.jar:/Users/hiren/.m2/repository/org/rauschig/jarchivelib/1.0.0/jarchivelib-1.0.0.jar:/Users/hiren/.m2/repository/org/apache/commons/commons-compress/1.18/commons-compress-1.18.jar:/Users/hiren/.m2/repository/org/jsoup/jsoup/1.11.3/jsoup-1.11.3.jar:/Users/hiren/.m2/repository/io/qameta/allure/allure-cucumber5-jvm/2.13.6/allure-cucumber5-jvm-2.13.6.jar:/Users/hiren/.m2/repository/io/qameta/allure/allure-java-commons/2.13.6/allure-java-commons-2.13.6.jar:/Users/hiren/.m2/repository/io/qameta/allure/allure-model/2.13.6/allure-model-2.13.6.jar:/Users/hiren/.m2/repository/com/fasterxml/jackson/core/jackson-databind/2.11.2/jackson-databind-2.11.2.jar:/Users/hiren/.m2/repository/com/fasterxml/jackson/core/jackson-annotations/2.11.2/jackson-annotations-2.11.2.jar:/Users/hiren/.m2/repository/com/fasterxml/jackson/core/jackson-core/2.11.2/jackson-core-2.11.2.jar:/Users/hiren/.m2/repository/org/apache/tika/tika-core/1.24.1/tika-core-1.24.1.jar:/Users/hiren/.m2/repository/org/jooq/joor-java-8/0.9.13/joor-java-8-0.9.13.jar:/Users/hiren/.m2/repository/io/cucumber/gherkin/5.1.0/gherkin-5.1.0.jar:/Users/hiren/.m2/repository/io/cucumber/gherkin-jvm-deps/1.0.4/gherkin-jvm-deps-1.0.4.jar:/Users/hiren/.m2/repository/org/springframework/spring-context/5.2.9.RELEASE/spring-context-5.2.9.RELEASE.jar:/Users/hiren/.m2/repository/org/springframework/spring-aop/5.2.9.RELEASE/spring-aop-5.2.9.RELEASE.jar:/Users/hiren/.m2/repository/org/springframework/spring-beans/5.2.9.RELEASE/spring-beans-5.2.9.RELEASE.jar:/Users/hiren/.m2/repository/org/springframework/spring-core/5.2.9.RELEASE/spring-core-5.2.9.RELEASE.jar:/Users/hiren/.m2/repository/org/springframework/spring-jcl/5.2.9.RELEASE/spring-jcl-5.2.9.RELEASE.jar:/Users/hiren/.m2/repository/org/springframework/spring-expression/5.2.9.RELEASE/spring-expression-5.2.9.RELEASE.jar:/Users/hiren/.m2/repository/org/springframework/spring-test/5.2.9.RELEASE/spring-test-5.2.9.RELEASE.jar:/Users/hiren/.m2/repository/javax/annotation/javax.annotation-api/1.2/javax.annotation-api-1.2.jar:"/>
    <property name="java.vm.vendor" value="Eclipse Adoptium"/>
    <property name="sun.arch.data.model" value="64"/>
    <property name="java.vendor.url" value="https://adoptium.net/"/>
    <property name="user.timezone" value=""/>
    <property name="java.vm.specification.version" value="11"/>
    <property name="os.name" value="Mac OS X"/>
    <property name="sun.java.launcher" value="SUN_STANDARD"/>
    <property name="user.country" value="GB"/>
    <property name="sun.boot.library.path" value="/Users/hiren/.sdkman/candidates/java/11.0.18-tem/lib"/>
    <property name="sun.java.command" value="/Users/hiren/Downloads/test/carcheck-testautomation/target/surefire/surefirebooter4179881475636313998.jar /Users/hiren/Downloads/test/carcheck-testautomation/target/surefire 2024-11-11T14-52-14_324-jvmRun1 surefire4155912025926032800tmp surefire_02141894307564680786tmp"/>
    <property name="http.nonProxyHosts" value="local|*.local|169.254/16|*.169.254/16"/>
    <property name="jdk.debug" value="release"/>
    <property name="surefire.test.class.path" value="/Users/hiren/Downloads/test/carcheck-testautomation/target/test-classes:/Users/hiren/Downloads/test/carcheck-testautomation/target/classes:/Users/hiren/.m2/repository/org/seleniumhq/selenium/selenium-java/4.26.0/selenium-java-4.26.0.jar:/Users/hiren/.m2/repository/org/seleniumhq/selenium/selenium-api/4.26.0/selenium-api-4.26.0.jar:/Users/hiren/.m2/repository/org/jspecify/jspecify/1.0.0/jspecify-1.0.0.jar:/Users/hiren/.m2/repository/org/seleniumhq/selenium/selenium-chrome-driver/4.26.0/selenium-chrome-driver-4.26.0.jar:/Users/hiren/.m2/repository/com/google/auto/service/auto-service-annotations/1.1.1/auto-service-annotations-1.1.1.jar:/Users/hiren/.m2/repository/org/seleniumhq/selenium/selenium-chromium-driver/4.26.0/selenium-chromium-driver-4.26.0.jar:/Users/hiren/.m2/repository/org/seleniumhq/selenium/selenium-json/4.26.0/selenium-json-4.26.0.jar:/Users/hiren/.m2/repository/org/seleniumhq/selenium/selenium-manager/4.26.0/selenium-manager-4.26.0.jar:/Users/hiren/.m2/repository/org/seleniumhq/selenium/selenium-devtools-v128/4.26.0/selenium-devtools-v128-4.26.0.jar:/Users/hiren/.m2/repository/org/seleniumhq/selenium/selenium-devtools-v129/4.26.0/selenium-devtools-v129-4.26.0.jar:/Users/hiren/.m2/repository/org/seleniumhq/selenium/selenium-devtools-v130/4.26.0/selenium-devtools-v130-4.26.0.jar:/Users/hiren/.m2/repository/org/seleniumhq/selenium/selenium-devtools-v85/4.26.0/selenium-devtools-v85-4.26.0.jar:/Users/hiren/.m2/repository/org/seleniumhq/selenium/selenium-edge-driver/4.26.0/selenium-edge-driver-4.26.0.jar:/Users/hiren/.m2/repository/org/seleniumhq/selenium/selenium-firefox-driver/4.26.0/selenium-firefox-driver-4.26.0.jar:/Users/hiren/.m2/repository/org/seleniumhq/selenium/selenium-http/4.26.0/selenium-http-4.26.0.jar:/Users/hiren/.m2/repository/dev/failsafe/failsafe/3.3.2/failsafe-3.3.2.jar:/Users/hiren/.m2/repository/org/seleniumhq/selenium/selenium-ie-driver/4.26.0/selenium-ie-driver-4.26.0.jar:/Users/hiren/.m2/repository/org/seleniumhq/selenium/selenium-remote-driver/4.26.0/selenium-remote-driver-4.26.0.jar:/Users/hiren/.m2/repository/com/google/guava/guava/33.3.1-jre/guava-33.3.1-jre.jar:/Users/hiren/.m2/repository/com/google/guava/failureaccess/1.0.2/failureaccess-1.0.2.jar:/Users/hiren/.m2/repository/com/google/guava/listenablefuture/9999.0-empty-to-avoid-conflict-with-guava/listenablefuture-9999.0-empty-to-avoid-conflict-with-guava.jar:/Users/hiren/.m2/repository/com/google/code/findbugs/jsr305/3.0.2/jsr305-3.0.2.jar:/Users/hiren/.m2/repository/org/checkerframework/checker-qual/3.43.0/checker-qual-3.43.0.jar:/Users/hiren/.m2/repository/com/google/errorprone/error_prone_annotations/2.28.0/error_prone_annotations-2.28.0.jar:/Users/hiren/.m2/repository/com/google/j2objc/j2objc-annotations/3.0.0/j2objc-annotations-3.0.0.jar:/Users/hiren/.m2/repository/io/opentelemetry/semconv/opentelemetry-semconv/1.25.0-alpha/opentelemetry-semconv-1.25.0-alpha.jar:/Users/hiren/.m2/repository/io/opentelemetry/opentelemetry-api/1.43.0/opentelemetry-api-1.43.0.jar:/Users/hiren/.m2/repository/io/opentelemetry/opentelemetry-context/1.43.0/opentelemetry-context-1.43.0.jar:/Users/hiren/.m2/repository/io/opentelemetry/opentelemetry-exporter-logging/1.43.0/opentelemetry-exporter-logging-1.43.0.jar:/Users/hiren/.m2/repository/io/opentelemetry/opentelemetry-sdk-common/1.43.0/opentelemetry-sdk-common-1.43.0.jar:/Users/hiren/.m2/repository/io/opentelemetry/opentelemetry-sdk-extension-autoconfigure-spi/1.43.0/opentelemetry-sdk-extension-autoconfigure-spi-1.43.0.jar:/Users/hiren/.m2/repository/io/opentelemetry/opentelemetry-sdk-extension-autoconfigure/1.43.0/opentelemetry-sdk-extension-autoconfigure-1.43.0.jar:/Users/hiren/.m2/repository/io/opentelemetry/opentelemetry-api-incubator/1.43.0-alpha/opentelemetry-api-incubator-1.43.0-alpha.jar:/Users/hiren/.m2/repository/io/opentelemetry/opentelemetry-sdk-trace/1.43.0/opentelemetry-sdk-trace-1.43.0.jar:/Users/hiren/.m2/repository/io/opentelemetry/opentelemetry-sdk/1.43.0/opentelemetry-sdk-1.43.0.jar:/Users/hiren/.m2/repository/io/opentelemetry/opentelemetry-sdk-metrics/1.43.0/opentelemetry-sdk-metrics-1.43.0.jar:/Users/hiren/.m2/repository/io/opentelemetry/opentelemetry-sdk-logs/1.43.0/opentelemetry-sdk-logs-1.43.0.jar:/Users/hiren/.m2/repository/net/bytebuddy/byte-buddy/1.15.7/byte-buddy-1.15.7.jar:/Users/hiren/.m2/repository/org/seleniumhq/selenium/selenium-os/4.26.0/selenium-os-4.26.0.jar:/Users/hiren/.m2/repository/org/apache/commons/commons-exec/1.4.0/commons-exec-1.4.0.jar:/Users/hiren/.m2/repository/org/seleniumhq/selenium/selenium-safari-driver/4.26.0/selenium-safari-driver-4.26.0.jar:/Users/hiren/.m2/repository/org/seleniumhq/selenium/selenium-support/4.26.0/selenium-support-4.26.0.jar:/Users/hiren/.m2/repository/io/cucumber/cucumber-java8/5.7.0/cucumber-java8-5.7.0.jar:/Users/hiren/.m2/repository/io/cucumber/cucumber-core/5.7.0/cucumber-core-5.7.0.jar:/Users/hiren/.m2/repository/io/cucumber/cucumber-gherkin/5.7.0/cucumber-gherkin-5.7.0.jar:/Users/hiren/.m2/repository/io/cucumber/cucumber-gherkin-vintage/5.7.0/cucumber-gherkin-vintage-5.7.0.jar:/Users/hiren/.m2/repository/io/cucumber/tag-expressions/2.0.4/tag-expressions-2.0.4.jar:/Users/hiren/.m2/repository/io/cucumber/cucumber-expressions/8.3.1/cucumber-expressions-8.3.1.jar:/Users/hiren/.m2/repository/io/cucumber/datatable/3.3.1/datatable-3.3.1.jar:/Users/hiren/.m2/repository/io/cucumber/cucumber-plugin/5.7.0/cucumber-plugin-5.7.0.jar:/Users/hiren/.m2/repository/io/cucumber/docstring/5.7.0/docstring-5.7.0.jar:/Users/hiren/.m2/repository/org/apiguardian/apiguardian-api/1.1.0/apiguardian-api-1.1.0.jar:/Users/hiren/.m2/repository/net/jodah/typetools/0.6.2/typetools-0.6.2.jar:/Users/hiren/.m2/repository/io/cucumber/cucumber-testng/5.7.0/cucumber-testng-5.7.0.jar:/Users/hiren/.m2/repository/org/testng/testng/7.1.0/testng-7.1.0.jar:/Users/hiren/.m2/repository/com/beust/jcommander/1.72/jcommander-1.72.jar:/Users/hiren/.m2/repository/com/google/inject/guice/4.1.0/guice-4.1.0-no_aop.jar:/Users/hiren/.m2/repository/javax/inject/javax.inject/1/javax.inject-1.jar:/Users/hiren/.m2/repository/aopalliance/aopalliance/1.0/aopalliance-1.0.jar:/Users/hiren/.m2/repository/org/yaml/snakeyaml/1.21/snakeyaml-1.21.jar:/Users/hiren/.m2/repository/io/cucumber/cucumber-spring/5.7.0/cucumber-spring-5.7.0.jar:/Users/hiren/.m2/repository/io/github/bonigarcia/webdrivermanager/3.8.1/webdrivermanager-3.8.1.jar:/Users/hiren/.m2/repository/org/slf4j/slf4j-api/1.7.25/slf4j-api-1.7.25.jar:/Users/hiren/.m2/repository/commons-io/commons-io/2.6/commons-io-2.6.jar:/Users/hiren/.m2/repository/com/google/code/gson/gson/2.8.5/gson-2.8.5.jar:/Users/hiren/.m2/repository/org/apache/commons/commons-lang3/3.8.1/commons-lang3-3.8.1.jar:/Users/hiren/.m2/repository/org/apache/httpcomponents/httpclient/4.5.6/httpclient-4.5.6.jar:/Users/hiren/.m2/repository/org/apache/httpcomponents/httpcore/4.4.10/httpcore-4.4.10.jar:/Users/hiren/.m2/repository/commons-logging/commons-logging/1.2/commons-logging-1.2.jar:/Users/hiren/.m2/repository/commons-codec/commons-codec/1.10/commons-codec-1.10.jar:/Users/hiren/.m2/repository/org/rauschig/jarchivelib/1.0.0/jarchivelib-1.0.0.jar:/Users/hiren/.m2/repository/org/apache/commons/commons-compress/1.18/commons-compress-1.18.jar:/Users/hiren/.m2/repository/org/jsoup/jsoup/1.11.3/jsoup-1.11.3.jar:/Users/hiren/.m2/repository/io/qameta/allure/allure-cucumber5-jvm/2.13.6/allure-cucumber5-jvm-2.13.6.jar:/Users/hiren/.m2/repository/io/qameta/allure/allure-java-commons/2.13.6/allure-java-commons-2.13.6.jar:/Users/hiren/.m2/repository/io/qameta/allure/allure-model/2.13.6/allure-model-2.13.6.jar:/Users/hiren/.m2/repository/com/fasterxml/jackson/core/jackson-databind/2.11.2/jackson-databind-2.11.2.jar:/Users/hiren/.m2/repository/com/fasterxml/jackson/core/jackson-annotations/2.11.2/jackson-annotations-2.11.2.jar:/Users/hiren/.m2/repository/com/fasterxml/jackson/core/jackson-core/2.11.2/jackson-core-2.11.2.jar:/Users/hiren/.m2/repository/org/apache/tika/tika-core/1.24.1/tika-core-1.24.1.jar:/Users/hiren/.m2/repository/org/jooq/joor-java-8/0.9.13/joor-java-8-0.9.13.jar:/Users/hiren/.m2/repository/io/cucumber/gherkin/5.1.0/gherkin-5.1.0.jar:/Users/hiren/.m2/repository/io/cucumber/gherkin-jvm-deps/1.0.4/gherkin-jvm-deps-1.0.4.jar:/Users/hiren/.m2/repository/org/springframework/spring-context/5.2.9.RELEASE/spring-context-5.2.9.RELEASE.jar:/Users/hiren/.m2/repository/org/springframework/spring-aop/5.2.9.RELEASE/spring-aop-5.2.9.RELEASE.jar:/Users/hiren/.m2/repository/org/springframework/spring-beans/5.2.9.RELEASE/spring-beans-5.2.9.RELEASE.jar:/Users/hiren/.m2/repository/org/springframework/spring-core/5.2.9.RELEASE/spring-core-5.2.9.RELEASE.jar:/Users/hiren/.m2/repository/org/springframework/spring-jcl/5.2.9.RELEASE/spring-jcl-5.2.9.RELEASE.jar:/Users/hiren/.m2/repository/org/springframework/spring-expression/5.2.9.RELEASE/spring-expression-5.2.9.RELEASE.jar:/Users/hiren/.m2/repository/org/springframework/spring-test/5.2.9.RELEASE/spring-test-5.2.9.RELEASE.jar:/Users/hiren/.m2/repository/javax/annotation/javax.annotation-api/1.2/javax.annotation-api-1.2.jar:"/>
    <property name="allure.results.directory" value="/Users/hiren/Downloads/test/carcheck-testautomation/target/allure-results"/>
    <property name="sun.cpu.endian" value="little"/>
    <property name="user.home" value="/Users/hiren"/>
    <property name="user.language" value="en"/>
    <property name="java.specification.vendor" value="Oracle Corporation"/>
    <property name="java.version.date" value="2023-01-17"/>
    <property name="java.home" value="/Users/hiren/.sdkman/candidates/java/11.0.18-tem"/>
    <property name="file.separator" value="/"/>
    <property name="basedir" value="/Users/hiren/Downloads/test/carcheck-testautomation"/>
    <property name="java.vm.compressedOopsMode" value="Zero based"/>
    <property name="line.separator" value="&#10;"/>
    <property name="java.specification.name" value="Java Platform API Specification"/>
    <property name="java.vm.specification.vendor" value="Oracle Corporation"/>
    <property name="java.awt.graphicsenv" value="sun.awt.CGraphicsEnvironment"/>
    <property name="surefire.real.class.path" value="/Users/hiren/Downloads/test/carcheck-testautomation/target/surefire/surefirebooter4179881475636313998.jar"/>
    <property name="sun.management.compiler" value="HotSpot 64-Bit Tiered Compilers"/>
    <property name="ftp.nonProxyHosts" value="local|*.local|169.254/16|*.169.254/16"/>
    <property name="java.runtime.version" value="11.0.18+10"/>
    <property name="user.name" value="hiren"/>
    <property name="path.separator" value=":"/>
    <property name="os.version" value="15.1"/>
    <property name="java.runtime.name" value="OpenJDK Runtime Environment"/>
    <property name="file.encoding" value="UTF-8"/>
    <property name="java.vm.name" value="OpenJDK 64-Bit Server VM"/>
    <property name="java.vendor.version" value="Temurin-11.0.18+10"/>
    <property name="localRepository" value="/Users/hiren/.m2/repository"/>
    <property name="java.vendor.url.bug" value="https://github.com/adoptium/adoptium-support/issues"/>
    <property name="java.io.tmpdir" value="/var/folders/n6/g2tyj62s73s7h09tg648f71w0000gn/T/"/>
    <property name="java.version" value="11.0.18"/>
    <property name="user.dir" value="/Users/hiren/Downloads/test/carcheck-testautomation"/>
    <property name="os.arch" value="x86_64"/>
    <property name="java.vm.specification.name" value="Java Virtual Machine Specification"/>
    <property name="java.awt.printerjob" value="sun.lwawt.macosx.CPrinterJob"/>
    <property name="sun.os.patch.level" value="unknown"/>
    <property name="java.library.path" value="/Users/hiren/Library/Java/Extensions:/Library/Java/Extensions:/Network/Library/Java/Extensions:/System/Library/Java/Extensions:/usr/lib/java:."/>
    <property name="java.vm.info" value="mixed mode"/>
    <property name="java.vendor" value="Eclipse Adoptium"/>
    <property name="java.vm.version" value="11.0.18+10"/>
    <property name="sun.io.unicode.encoding" value="UnicodeBig"/>
    <property name="java.class.version" value="55.0"/>
    <property name="socksNonProxyHosts" value="local|*.local|169.254/16|*.169.254/16"/>
  </properties>
  <testcase name="runScenario" classname="io.carcheck.TestRunner" time="39.952"/>
</testsuite>