<?xml version="1.0" encoding="UTF-8"?>
<!-- Generated by org.testng.reporters.JUnitReportReporter -->
<testsuite hostname="MacBookPro" failures="0" tests="1" name="io.carcheck.TestRunner" time="39.951" errors="0" timestamp="2024-11-11T14:52:55 GMT" skipped="0">
  <testcase classname="io.carcheck.TestRunner" name="runScenario" time="39.951"/>
  <system-out/>
</testsuite> <!-- io.carcheck.TestRunner -->
